[2022-11-22 11:00:19,739] INFO Starting the log cleaner (kafka.log.LogCleaner)
[2022-11-22 11:00:19,804] INFO [kafka-log-cleaner-thread-0]: Starting (kafka.log.LogCleaner)
[2022-11-22 22:26:50,406] INFO Starting the log cleaner (kafka.log.LogCleaner)
[2022-11-22 22:26:50,461] INFO [kafka-log-cleaner-thread-0]: Starting (kafka.log.LogCleaner)
[2022-11-22 22:29:09,190] INFO Starting the log cleaner (kafka.log.LogCleaner)
[2022-11-22 22:29:09,244] INFO [kafka-log-cleaner-thread-0]: Starting (kafka.log.LogCleaner)
[2022-11-22 22:29:20,773] INFO Starting the log cleaner (kafka.log.LogCleaner)
[2022-11-22 22:29:20,827] INFO [kafka-log-cleaner-thread-0]: Starting (kafka.log.LogCleaner)
[2022-11-22 22:29:21,218] INFO Shutting down the log cleaner. (kafka.log.LogCleaner)
[2022-11-22 22:29:21,218] INFO [kafka-log-cleaner-thread-0]: Shutting down (kafka.log.LogCleaner)
[2022-11-22 22:29:21,219] INFO [kafka-log-cleaner-thread-0]: Stopped (kafka.log.LogCleaner)
[2022-11-22 22:29:21,219] INFO [kafka-log-cleaner-thread-0]: Shutdown completed (kafka.log.LogCleaner)
[2022-11-22 22:29:40,779] INFO Starting the log cleaner (kafka.log.LogCleaner)
[2022-11-22 22:29:40,832] INFO [kafka-log-cleaner-thread-0]: Starting (kafka.log.LogCleaner)
[2022-11-23 21:17:07,084] INFO Starting the log cleaner (kafka.log.LogCleaner)
[2022-11-23 21:17:07,140] INFO [kafka-log-cleaner-thread-0]: Starting (kafka.log.LogCleaner)
[2022-11-23 21:17:07,617] INFO Shutting down the log cleaner. (kafka.log.LogCleaner)
[2022-11-23 21:17:07,617] INFO [kafka-log-cleaner-thread-0]: Shutting down (kafka.log.LogCleaner)
[2022-11-23 21:17:07,618] INFO [kafka-log-cleaner-thread-0]: Stopped (kafka.log.LogCleaner)
[2022-11-23 21:17:07,618] INFO [kafka-log-cleaner-thread-0]: Shutdown completed (kafka.log.LogCleaner)
[2022-11-23 21:17:13,617] INFO Starting the log cleaner (kafka.log.LogCleaner)
[2022-11-23 21:17:13,679] INFO [kafka-log-cleaner-thread-0]: Starting (kafka.log.LogCleaner)
[2022-11-23 21:17:14,073] INFO Shutting down the log cleaner. (kafka.log.LogCleaner)
[2022-11-23 21:17:14,073] INFO [kafka-log-cleaner-thread-0]: Shutting down (kafka.log.LogCleaner)
[2022-11-23 21:17:14,074] INFO [kafka-log-cleaner-thread-0]: Stopped (kafka.log.LogCleaner)
[2022-11-23 21:17:14,074] INFO [kafka-log-cleaner-thread-0]: Shutdown completed (kafka.log.LogCleaner)
[2022-11-23 21:17:27,839] INFO Starting the log cleaner (kafka.log.LogCleaner)
[2022-11-23 21:17:27,892] INFO [kafka-log-cleaner-thread-0]: Starting (kafka.log.LogCleaner)
[2022-11-23 21:17:28,309] INFO Shutting down the log cleaner. (kafka.log.LogCleaner)
[2022-11-23 21:17:28,310] INFO [kafka-log-cleaner-thread-0]: Shutting down (kafka.log.LogCleaner)
[2022-11-23 21:17:28,311] INFO [kafka-log-cleaner-thread-0]: Stopped (kafka.log.LogCleaner)
[2022-11-23 21:17:28,311] INFO [kafka-log-cleaner-thread-0]: Shutdown completed (kafka.log.LogCleaner)
[2022-11-23 21:17:36,750] INFO Starting the log cleaner (kafka.log.LogCleaner)
[2022-11-23 21:17:36,804] INFO [kafka-log-cleaner-thread-0]: Starting (kafka.log.LogCleaner)
[2022-11-23 21:17:37,249] INFO Shutting down the log cleaner. (kafka.log.LogCleaner)
[2022-11-23 21:17:37,249] INFO [kafka-log-cleaner-thread-0]: Shutting down (kafka.log.LogCleaner)
[2022-11-23 21:17:37,250] INFO [kafka-log-cleaner-thread-0]: Stopped (kafka.log.LogCleaner)
[2022-11-23 21:17:37,250] INFO [kafka-log-cleaner-thread-0]: Shutdown completed (kafka.log.LogCleaner)
[2022-11-23 21:19:04,568] INFO Starting the log cleaner (kafka.log.LogCleaner)
[2022-11-23 21:19:04,622] INFO [kafka-log-cleaner-thread-0]: Starting (kafka.log.LogCleaner)
[2022-11-24 14:04:51,840] INFO Starting the log cleaner (kafka.log.LogCleaner)
[2022-11-24 14:04:51,895] INFO [kafka-log-cleaner-thread-0]: Starting (kafka.log.LogCleaner)
[2022-11-24 14:04:52,381] INFO Shutting down the log cleaner. (kafka.log.LogCleaner)
[2022-11-24 14:04:52,381] INFO [kafka-log-cleaner-thread-0]: Shutting down (kafka.log.LogCleaner)
[2022-11-24 14:04:52,382] INFO [kafka-log-cleaner-thread-0]: Stopped (kafka.log.LogCleaner)
[2022-11-24 14:04:52,382] INFO [kafka-log-cleaner-thread-0]: Shutdown completed (kafka.log.LogCleaner)
[2022-11-24 14:05:19,682] INFO Starting the log cleaner (kafka.log.LogCleaner)
[2022-11-24 14:05:19,736] INFO [kafka-log-cleaner-thread-0]: Starting (kafka.log.LogCleaner)
